+----------------------+------------------------------------------------------------------+
| Timestamp            | 2024-10-20T05:11:45.389Z                                                         |
| Error Code           | 500                                                                              |
| Error Message        | TypeError: Cannot read properties of undefined (reading 'code')
    at logError (/home/yshpl/wd/Testimonial/api/src/utils/errorHandling.ts:30:34)
    at <anonymous> (/home/yshpl/wd/Testimonial/api/src/auth/passportConfig.ts:55:3)
    at pass (/home/yshpl/wd/Testimonial/api/node_modules/passport/lib/authenticator.js:372:9)
    at Authenticator.deserializeUser (/home/yshpl/wd/Testimonial/api/node_modules/passport/lib/authenticator.js:377:5)
    at SessionStrategy.authenticate (/home/yshpl/wd/Testimonial/api/node_modules/passport/lib/strategies/session.js:112:10)
    at attempt (/home/yshpl/wd/Testimonial/api/node_modules/passport/lib/middleware/authenticate.js:378:16)
    at authenticate (/home/yshpl/wd/Testimonial/api/node_modules/passport/lib/middleware/authenticate.js:379:7)
    at Layer.handle [as handle_request] (/home/yshpl/wd/Testimonial/api/node_modules/express/lib/router/layer.js:95:5)
    at trim_prefix (/home/yshpl/wd/Testimonial/api/node_modules/express/lib/router/index.js:328:13)
    at /home/yshpl/wd/Testimonial/api/node_modules/express/lib/router/index.js:286:9 |
| Uncaught Exception   | uncaught exception or unhandled rejection, Node process finished !!              |

+----------------------+------------------------------------------------------------------+

+----------------------+------------------------------------------------------------------+
| Timestamp            | 2024-10-20T05:12:27.574Z                                                        
| Error Code           | 500                                                                             
| Error Message        | TypeError: Cannot read properties of undefined (reading 'code')
    at logError (/home/yshpl/wd/Testimonial/api/src/utils/errorHandling.ts:30:34)
    at <anonymous> (/home/yshpl/wd/Testimonial/api/src/auth/passportConfig.ts:55:3)
    at pass (/home/yshpl/wd/Testimonial/api/node_modules/passport/lib/authenticator.js:372:9)
    at Authenticator.deserializeUser (/home/yshpl/wd/Testimonial/api/node_modules/passport/lib/authenticator.js:377:5)
    at SessionStrategy.authenticate (/home/yshpl/wd/Testimonial/api/node_modules/passport/lib/strategies/session.js:112:10)
    at attempt (/home/yshpl/wd/Testimonial/api/node_modules/passport/lib/middleware/authenticate.js:378:16)
    at authenticate (/home/yshpl/wd/Testimonial/api/node_modules/passport/lib/middleware/authenticate.js:379:7)
    at Layer.handle [as handle_request] (/home/yshpl/wd/Testimonial/api/node_modules/express/lib/router/layer.js:95:5)
    at trim_prefix (/home/yshpl/wd/Testimonial/api/node_modules/express/lib/router/index.js:328:13)
    at /home/yshpl/wd/Testimonial/api/node_modules/express/lib/router/index.js:286:9
| Uncaught Exception   | uncaught exception or unhandled rejection, Node process finished !!              |

+----------------------+------------------------------------------------------------------+

+----------------------+------------------------------------------------------------------+
| Timestamp            | 2024-10-20T05:13:19.573Z                                                        
| Error Code           | 500                                                                             
| Error Message        | TypeError: Cannot read properties of undefined (reading 'code')
    at logError (/home/yshpl/wd/Testimonial/api/src/utils/errorHandling.ts:30:34)
    at <anonymous> (/home/yshpl/wd/Testimonial/api/src/auth/passportConfig.ts:55:3)
    at pass (/home/yshpl/wd/Testimonial/api/node_modules/passport/lib/authenticator.js:372:9)
    at Authenticator.deserializeUser (/home/yshpl/wd/Testimonial/api/node_modules/passport/lib/authenticator.js:377:5)
    at SessionStrategy.authenticate (/home/yshpl/wd/Testimonial/api/node_modules/passport/lib/strategies/session.js:112:10)
    at attempt (/home/yshpl/wd/Testimonial/api/node_modules/passport/lib/middleware/authenticate.js:378:16)
    at authenticate (/home/yshpl/wd/Testimonial/api/node_modules/passport/lib/middleware/authenticate.js:379:7)
    at Layer.handle [as handle_request] (/home/yshpl/wd/Testimonial/api/node_modules/express/lib/router/layer.js:95:5)
    at trim_prefix (/home/yshpl/wd/Testimonial/api/node_modules/express/lib/router/index.js:328:13)
    at /home/yshpl/wd/Testimonial/api/node_modules/express/lib/router/index.js:286:9
| Uncaught Exception   | uncaught exception or unhandled rejection, Node process finished !!             

+----------------------+------------------------------------------------------------------+

+----------------------+------------------------------------------------------------------+
| Timestamp            | 2024-10-20T05:14:14.199Z                                                        
| Error Code           | 500                                                                             
| Error Message        | TypeError: Cannot read properties of undefined (reading 'code')
    at logError (/home/yshpl/wd/Testimonial/api/src/utils/errorHandling.ts:30:34)
    at <anonymous> (/home/yshpl/wd/Testimonial/api/src/auth/passportConfig.ts:55:3)
    at pass (/home/yshpl/wd/Testimonial/api/node_modules/passport/lib/authenticator.js:372:9)
    at Authenticator.deserializeUser (/home/yshpl/wd/Testimonial/api/node_modules/passport/lib/authenticator.js:377:5)
    at SessionStrategy.authenticate (/home/yshpl/wd/Testimonial/api/node_modules/passport/lib/strategies/session.js:112:10)
    at attempt (/home/yshpl/wd/Testimonial/api/node_modules/passport/lib/middleware/authenticate.js:378:16)
    at authenticate (/home/yshpl/wd/Testimonial/api/node_modules/passport/lib/middleware/authenticate.js:379:7)
    at Layer.handle [as handle_request] (/home/yshpl/wd/Testimonial/api/node_modules/express/lib/router/layer.js:95:5)
    at trim_prefix (/home/yshpl/wd/Testimonial/api/node_modules/express/lib/router/index.js:328:13)
    at /home/yshpl/wd/Testimonial/api/node_modules/express/lib/router/index.js:286:9
| Uncaught Exception   | uncaught exception or unhandled rejection, Node process finished !!             
+----------------------+------------------------------------------------------------------+

+----------------------+------------------------------------------------------------------+
| Timestamp            | 2024-10-20T05:14:49.504Z                                                        
| Error Code           | 500                                                                             
| Error Message        | TypeError: Cannot read properties of undefined (reading 'code')
    at logError (/home/yshpl/wd/Testimonial/api/src/utils/errorHandling.ts:31:34)
    at <anonymous> (/home/yshpl/wd/Testimonial/api/src/auth/passportConfig.ts:55:3)
    at pass (/home/yshpl/wd/Testimonial/api/node_modules/passport/lib/authenticator.js:372:9)
    at Authenticator.deserializeUser (/home/yshpl/wd/Testimonial/api/node_modules/passport/lib/authenticator.js:377:5)
    at SessionStrategy.authenticate (/home/yshpl/wd/Testimonial/api/node_modules/passport/lib/strategies/session.js:112:10)
    at attempt (/home/yshpl/wd/Testimonial/api/node_modules/passport/lib/middleware/authenticate.js:378:16)
    at authenticate (/home/yshpl/wd/Testimonial/api/node_modules/passport/lib/middleware/authenticate.js:379:7)
    at Layer.handle [as handle_request] (/home/yshpl/wd/Testimonial/api/node_modules/express/lib/router/layer.js:95:5)
    at trim_prefix (/home/yshpl/wd/Testimonial/api/node_modules/express/lib/router/index.js:328:13)
    at /home/yshpl/wd/Testimonial/api/node_modules/express/lib/router/index.js:286:9
| Uncaught Exception   | uncaught exception or unhandled rejection, Node process finished !!             
+----------------------+------------------------------------------------------------------+

+----------------------+------------------------------------------------------------------+
| Timestamp            | 2024-Oct-20 10:54:08.479 am
| Error Code           | 500
| Error Message        | TypeError: Cannot read properties of undefined (reading 'code')
    at logError (/home/yshpl/wd/Testimonial/api/src/utils/errorHandling.ts:33:34)
    at <anonymous> (/home/yshpl/wd/Testimonial/api/src/auth/passportConfig.ts:55:3)
    at pass (/home/yshpl/wd/Testimonial/api/node_modules/passport/lib/authenticator.js:372:9)
    at Authenticator.deserializeUser (/home/yshpl/wd/Testimonial/api/node_modules/passport/lib/authenticator.js:377:5)
    at SessionStrategy.authenticate (/home/yshpl/wd/Testimonial/api/node_modules/passport/lib/strategies/session.js:112:10)
    at attempt (/home/yshpl/wd/Testimonial/api/node_modules/passport/lib/middleware/authenticate.js:378:16)
    at authenticate (/home/yshpl/wd/Testimonial/api/node_modules/passport/lib/middleware/authenticate.js:379:7)
    at Layer.handle [as handle_request] (/home/yshpl/wd/Testimonial/api/node_modules/express/lib/router/layer.js:95:5)
    at trim_prefix (/home/yshpl/wd/Testimonial/api/node_modules/express/lib/router/index.js:328:13)
    at /home/yshpl/wd/Testimonial/api/node_modules/express/lib/router/index.js:286:9
| Uncaught Exception   | uncaught exception or unhandled rejection, Node process finished !!
+----------------------+------------------------------------------------------------------+

+----------------------+------------------------------------------------------------------+
| Timestamp            | 21-Oct-2024 07:51:19.876 am
| Error Code           | 409
| Error Message        | Space Name already exist
...
+----------------------+------------------------------------------------------------------+

+----------------------+------------------------------------------------------------------+
| Timestamp            | 21-Oct-2024 07:58:54.408 am
| Error Code           | 409
| Error Message        | Space Name already exist
...
+----------------------+------------------------------------------------------------------+

+----------------------+------------------------------------------------------------------+
| Timestamp            | 21-Oct-2024 08:26:42.532 am
| Error Code           | 500
| Error Message        | PrismaClientKnownRequestError: 
Invalid `prisma.space.delete()` invocation in
/home/yshpl/wd/Testimonial/api/src/space/index.ts:102:24

   99 if (!spaceExist) {
  100   return next(new createError('Space does not exist', 404));
  101 }
→ 102 await prisma.space.delete(
Foreign key constraint violated: `Feedback_spaceId_fkey (index)`
    at Mn.handleRequestError (/home/yshpl/wd/Testimonial/api/node_modules/@prisma/client/runtime/library.js:121:7753)
    at Mn.handleAndLogRequestError (/home/yshpl/wd/Testimonial/api/node_modules/@prisma/client/runtime/library.js:121:7061)
    at Mn.request (/home/yshpl/wd/Testimonial/api/node_modules/@prisma/client/runtime/library.js:121:6745)
    at async l (/home/yshpl/wd/Testimonial/api/node_modules/@prisma/client/runtime/library.js:130:9633)
    at <anonymous> (/home/yshpl/wd/Testimonial/api/src/space/index.ts:102:5)
| Uncaught Exception   | uncaught exception or unhandled rejection, Node process finished !!
+----------------------+------------------------------------------------------------------+

+----------------------+------------------------------------------------------------------+
| Timestamp            | 21-Oct-2024 08:30:38.416 am
| Error Code           | 500
| Error Message        | PrismaClientKnownRequestError: 
Invalid `prisma.space.delete()` invocation in
/home/yshpl/wd/Testimonial/api/src/space/index.ts:103:24

  100 if (!spaceExist) {
  101   return next(new createError('Space does not exist', 404));
  102 }
→ 103 await prisma.space.delete(
Foreign key constraint violated: `Feedback_spaceId_fkey (index)`
    at Mn.handleRequestError (/home/yshpl/wd/Testimonial/api/node_modules/@prisma/client/runtime/library.js:121:7753)
    at Mn.handleAndLogRequestError (/home/yshpl/wd/Testimonial/api/node_modules/@prisma/client/runtime/library.js:121:7061)
    at Mn.request (/home/yshpl/wd/Testimonial/api/node_modules/@prisma/client/runtime/library.js:121:6745)
    at async l (/home/yshpl/wd/Testimonial/api/node_modules/@prisma/client/runtime/library.js:130:9633)
    at <anonymous> (/home/yshpl/wd/Testimonial/api/src/space/index.ts:103:5)
| Uncaught Exception   | uncaught exception or unhandled rejection, Node process finished !!
+----------------------+------------------------------------------------------------------+
